<?xml version="1.0" encoding="UTF-8"?>
<!-- Generated by org.testng.reporters.JUnitReportReporter -->
<testsuite hostname="DESKTOP-KTHSCGN" failures="0" tests="4" name="com.selenium.seleniumTestNG.advanced.TestReportGeneration" time="0.005" errors="0" timestamp="2024-03-09T07:43:32 CET" skipped="0">
  <testcase classname="com.selenium.seleniumTestNG.advanced.TestReportGeneration" name="reporterTest3" time="0.000">
    <system-out>
      <![CDATA[Method name is - reporterTest3
Status of execution is - 1]]>
    </system-out>
  </testcase> <!-- reporterTest3 -->
  <testcase classname="com.selenium.seleniumTestNG.advanced.TestReportGeneration" name="reporterTest4" time="0.000">
    <system-out>
      <![CDATA[Method name is - reporterTest4
Status of execution is - 1]]>
    </system-out>
  </testcase> <!-- reporterTest4 -->
  <testcase classname="com.selenium.seleniumTestNG.advanced.TestReportGeneration" name="reporterTest2" time="0.000">
    <system-out>
      <![CDATA[Method name is - reporterTest2
Status of execution is - 1]]>
    </system-out>
  </testcase> <!-- reporterTest2 -->
  <testcase classname="com.selenium.seleniumTestNG.advanced.TestReportGeneration" name="reporterTest1" time="0.005">
    <system-out>
      <![CDATA[Method name is - reporterTest1
This is test1
Status of execution is - 1]]>
    </system-out>
  </testcase> <!-- reporterTest1 -->
  <system-out>
    <![CDATA[Method name is - reporterTest1
This is test1
Status of execution is - 1
Method name is - reporterTest2
Status of execution is - 1
Method name is - reporterTest3
Status of execution is - 1
Method name is - reporterTest4
Status of execution is - 1]]>
  </system-out>
</testsuite> <!-- com.selenium.seleniumTestNG.advanced.TestReportGeneration -->
